TN:
SF:node_modules/@openzeppelin/contracts/access/AccessControl.sol
FN:78,AccessControl.supportsInterface
FNDA:0,AccessControl.supportsInterface
DA:79,0
FN:85,AccessControl.hasRole
FNDA:2,AccessControl.hasRole
DA:86,20021
FN:97,AccessControl._checkRole
FNDA:0,AccessControl._checkRole
DA:98,0
FN:108,AccessControl._checkRole
FNDA:0,AccessControl._checkRole
DA:109,0
BRDA:109,0,0,-
BRDA:109,0,1,-
DA:110,0
FN:129,AccessControl.getRoleAdmin
FNDA:0,AccessControl.getRoleAdmin
DA:130,0
FN:145,AccessControl.grantRole
FNDA:0,AccessControl.grantRole
DA:146,0
FN:160,AccessControl.revokeRole
FNDA:0,AccessControl.revokeRole
DA:161,0
FN:180,AccessControl.renounceRole
FNDA:0,AccessControl.renounceRole
DA:181,0
BRDA:181,1,0,-
BRDA:181,1,1,-
DA:183,0
FN:206,AccessControl._setupRole
FNDA:0,AccessControl._setupRole
DA:207,0
FN:215,AccessControl._setRoleAdmin
FNDA:0,AccessControl._setRoleAdmin
DA:216,0
DA:217,0
DA:218,0
FN:228,AccessControl._grantRole
FNDA:0,AccessControl._grantRole
DA:229,0
BRDA:229,2,0,-
BRDA:229,2,1,-
DA:230,0
DA:231,0
FN:242,AccessControl._revokeRole
FNDA:0,AccessControl._revokeRole
DA:243,0
BRDA:243,3,0,-
BRDA:243,3,1,-
DA:244,0
DA:245,0
FNF:12
FNH:1
LF:20
LH:1
BRF:8
BRH:0
end_of_record
TN:
SF:node_modules/@openzeppelin/contracts/access/AccessControlEnumerable.sol
FN:21,AccessControlEnumerable.supportsInterface
FNDA:0,AccessControlEnumerable.supportsInterface
DA:22,0
FN:37,AccessControlEnumerable.getRoleMember
FNDA:0,AccessControlEnumerable.getRoleMember
DA:38,0
FN:45,AccessControlEnumerable.getRoleMemberCount
FNDA:2,AccessControlEnumerable.getRoleMemberCount
DA:46,2
FN:52,AccessControlEnumerable._grantRole
FNDA:0,AccessControlEnumerable._grantRole
DA:53,0
DA:54,0
FN:60,AccessControlEnumerable._revokeRole
FNDA:0,AccessControlEnumerable._revokeRole
DA:61,0
DA:62,0
FNF:5
FNH:1
LF:7
LH:1
BRF:0
BRH:0
end_of_record
TN:
SF:node_modules/@openzeppelin/contracts/access/Ownable.sol
FN:43,Ownable.owner
FNDA:1,Ownable.owner
DA:44,4
FN:50,Ownable._checkOwner
FNDA:3,Ownable._checkOwner
DA:51,3
BRDA:51,0,0,1
BRDA:51,0,1,2
FN:61,Ownable.renounceOwnership
FNDA:0,Ownable.renounceOwnership
DA:62,0
FN:69,Ownable.transferOwnership
FNDA:0,Ownable.transferOwnership
DA:70,0
BRDA:70,1,0,-
BRDA:70,1,1,-
DA:71,0
FN:78,Ownable._transferOwnership
FNDA:0,Ownable._transferOwnership
DA:79,0
DA:80,0
DA:81,0
FNF:5
FNH:2
LF:8
LH:2
BRF:4
BRH:2
end_of_record
TN:
SF:node_modules/@openzeppelin/contracts/token/ERC721/ERC721.sol
FN:52,ERC721.supportsInterface
FNDA:0,ERC721.supportsInterface
DA:53,0
FN:62,ERC721.balanceOf
FNDA:1,ERC721.balanceOf
DA:63,20016
BRDA:63,0,0,-
BRDA:63,0,1,20016
DA:64,20016
FN:70,ERC721.ownerOf
FNDA:7,ERC721.ownerOf
DA:71,7
DA:72,7
BRDA:72,1,0,-
BRDA:72,1,1,7
DA:73,7
FN:79,ERC721.name
FNDA:1,ERC721.name
DA:80,1
FN:86,ERC721.symbol
FNDA:1,ERC721.symbol
DA:87,1
FN:93,ERC721.tokenURI
FNDA:0,ERC721.tokenURI
DA:94,0
DA:96,0
DA:97,0
FN:105,ERC721._baseURI
FNDA:0,ERC721._baseURI
DA:106,0
FN:112,ERC721.approve
FNDA:0,ERC721.approve
DA:113,0
DA:114,0
BRDA:114,2,0,-
BRDA:114,2,1,-
DA:116,0
BRDA:116,3,0,-
BRDA:116,3,1,-
DA:121,0
FN:127,ERC721.getApproved
FNDA:0,ERC721.getApproved
DA:128,0
DA:130,0
FN:136,ERC721.setApprovalForAll
FNDA:0,ERC721.setApprovalForAll
DA:137,0
FN:143,ERC721.isApprovedForAll
FNDA:0,ERC721.isApprovedForAll
DA:144,0
FN:150,ERC721.transferFrom
FNDA:0,ERC721.transferFrom
DA:152,0
BRDA:152,4,0,-
BRDA:152,4,1,-
DA:154,0
FN:160,ERC721.safeTransferFrom
FNDA:0,ERC721.safeTransferFrom
DA:161,0
FN:167,ERC721.safeTransferFrom
FNDA:0,ERC721.safeTransferFrom
DA:168,0
BRDA:168,5,0,-
BRDA:168,5,1,-
DA:169,0
FN:190,ERC721._safeTransfer
FNDA:0,ERC721._safeTransfer
DA:191,0
DA:192,0
BRDA:192,6,0,-
BRDA:192,6,1,-
FN:198,ERC721._ownerOf
FNDA:40038,ERC721._ownerOf
DA:199,40038
FN:210,ERC721._exists
FNDA:40031,ERC721._exists
DA:211,40031
FN:221,ERC721._isApprovedOrOwner
FNDA:0,ERC721._isApprovedOrOwner
DA:222,0
DA:223,0
FN:236,ERC721._safeMint
FNDA:0,ERC721._safeMint
DA:237,0
FN:244,ERC721._safeMint
FNDA:0,ERC721._safeMint
DA:245,0
DA:246,0
BRDA:246,7,0,-
BRDA:246,7,1,-
FN:264,ERC721._mint
FNDA:20015,ERC721._mint
DA:265,20015
BRDA:265,8,0,-
BRDA:265,8,1,20015
DA:266,20015
BRDA:266,9,0,-
BRDA:266,9,1,20015
DA:268,20015
DA:271,20015
BRDA:271,10,0,-
BRDA:271,10,1,20015
DA:278,20015
DA:281,20015
DA:283,20015
DA:285,20015
FN:299,ERC721._burn
FNDA:0,ERC721._burn
DA:300,0
DA:302,0
DA:305,0
DA:308,0
DA:313,0
DA:315,0
DA:317,0
DA:319,0
FN:333,ERC721._transfer
FNDA:0,ERC721._transfer
DA:334,0
BRDA:334,11,0,-
BRDA:334,11,1,-
DA:335,0
BRDA:335,12,0,-
BRDA:335,12,1,-
DA:337,0
DA:340,0
BRDA:340,13,0,-
BRDA:340,13,1,-
DA:343,0
DA:351,0
DA:352,0
DA:354,0
DA:356,0
DA:358,0
FN:366,ERC721._approve
FNDA:0,ERC721._approve
DA:367,0
DA:368,0
FN:376,ERC721._setApprovalForAll
FNDA:0,ERC721._setApprovalForAll
DA:377,0
BRDA:377,14,0,-
BRDA:377,14,1,-
DA:378,0
DA:379,0
FN:385,ERC721._requireMinted
FNDA:0,ERC721._requireMinted
DA:386,0
BRDA:386,15,0,-
BRDA:386,15,1,-
FN:399,ERC721._checkOnERC721Received
FNDA:0,ERC721._checkOnERC721Received
DA:405,0
BRDA:405,16,0,-
BRDA:405,16,1,-
DA:406,0
DA:419,0
FN:437,ERC721._beforeTokenTransfer
FNDA:20015,ERC721._beforeTokenTransfer
FN:453,ERC721._afterTokenTransfer
FNDA:20015,ERC721._afterTokenTransfer
FN:463,ERC721.__unsafe_increaseBalance
FNDA:0,ERC721.__unsafe_increaseBalance
DA:464,0
FNF:30
FNH:9
LF:70
LH:17
BRF:34
BRH:5
end_of_record
TN:
SF:node_modules/@openzeppelin/contracts/token/ERC721/extensions/ERC721Enumerable.sol
FN:30,ERC721Enumerable.supportsInterface
FNDA:0,ERC721Enumerable.supportsInterface
DA:31,0
FN:37,ERC721Enumerable.tokenOfOwnerByIndex
FNDA:0,ERC721Enumerable.tokenOfOwnerByIndex
DA:38,0
BRDA:38,0,0,-
BRDA:38,0,1,-
DA:39,0
FN:45,ERC721Enumerable.totalSupply
FNDA:1,ERC721Enumerable.totalSupply
DA:46,1
FN:52,ERC721Enumerable.tokenByIndex
FNDA:0,ERC721Enumerable.tokenByIndex
DA:53,0
BRDA:53,1,0,-
BRDA:53,1,1,-
DA:54,0
FN:60,ERC721Enumerable._beforeTokenTransfer
FNDA:20015,ERC721Enumerable._beforeTokenTransfer
DA:66,20015
DA:68,20015
BRDA:68,2,0,-
BRDA:68,2,1,20015
DA:70,0
DA:73,20015
DA:75,20015
BRDA:75,3,0,20015
BRDA:75,3,1,-
DA:76,20015
DA:77,0
BRDA:77,4,0,-
BRDA:77,4,1,-
DA:78,0
DA:80,20015
BRDA:80,5,0,-
BRDA:80,5,1,20015
DA:81,0
DA:82,20015
BRDA:82,6,0,20015
BRDA:82,6,1,20015
DA:83,20015
FN:92,ERC721Enumerable._addTokenToOwnerEnumeration
FNDA:20015,ERC721Enumerable._addTokenToOwnerEnumeration
DA:93,20015
DA:94,20015
DA:95,20015
FN:102,ERC721Enumerable._addTokenToAllTokensEnumeration
FNDA:20015,ERC721Enumerable._addTokenToAllTokensEnumeration
DA:103,20015
DA:104,20015
FN:115,ERC721Enumerable._removeTokenFromOwnerEnumeration
FNDA:0,ERC721Enumerable._removeTokenFromOwnerEnumeration
DA:119,0
DA:120,0
DA:123,0
BRDA:123,7,0,-
BRDA:123,7,1,-
DA:124,0
DA:126,0
DA:127,0
DA:131,0
DA:132,0
FN:140,ERC721Enumerable._removeTokenFromAllTokensEnumeration
FNDA:0,ERC721Enumerable._removeTokenFromAllTokensEnumeration
DA:144,0
DA:145,0
DA:150,0
DA:152,0
DA:153,0
DA:156,0
DA:157,0
FNF:9
FNH:4
LF:38
LH:14
BRF:16
BRH:5
end_of_record
TN:
SF:node_modules/@openzeppelin/contracts/utils/Address.sol
FN:40,Address.isContract
FNDA:0,Address.isContract
DA:45,0
FN:64,Address.sendValue
FNDA:0,Address.sendValue
DA:65,0
BRDA:65,0,0,-
BRDA:65,0,1,-
DA:67,0
DA:68,0
BRDA:68,1,0,-
BRDA:68,1,1,-
FN:89,Address.functionCall
FNDA:0,Address.functionCall
DA:90,0
FN:99,Address.functionCall
FNDA:0,Address.functionCall
DA:104,0
FN:118,Address.functionCallWithValue
FNDA:0,Address.functionCallWithValue
DA:119,0
FN:128,Address.functionCallWithValue
FNDA:0,Address.functionCallWithValue
DA:134,0
BRDA:134,2,0,-
BRDA:134,2,1,-
DA:135,0
DA:136,0
FN:145,Address.functionStaticCall
FNDA:0,Address.functionStaticCall
DA:146,0
FN:155,Address.functionStaticCall
FNDA:0,Address.functionStaticCall
DA:160,0
DA:161,0
FN:170,Address.functionDelegateCall
FNDA:0,Address.functionDelegateCall
DA:171,0
FN:180,Address.functionDelegateCall
FNDA:0,Address.functionDelegateCall
DA:185,0
DA:186,0
FN:195,Address.verifyCallResultFromTarget
FNDA:0,Address.verifyCallResultFromTarget
DA:201,0
BRDA:201,3,0,-
BRDA:201,3,1,-
DA:202,0
BRDA:202,4,0,-
BRDA:202,4,1,-
DA:205,0
BRDA:205,5,0,-
BRDA:205,5,1,-
DA:207,0
DA:209,0
FN:219,Address.verifyCallResult
FNDA:0,Address.verifyCallResult
DA:224,0
BRDA:224,6,0,-
BRDA:224,6,1,-
DA:225,0
DA:227,0
FN:231,Address._revert
FNDA:0,Address._revert
DA:233,0
BRDA:233,7,0,-
BRDA:233,7,1,-
DA:241,0
FNF:13
FNH:0
LF:26
LH:0
BRF:16
BRH:0
end_of_record
TN:
SF:node_modules/@openzeppelin/contracts/utils/Context.sol
FN:17,Context._msgSender
FNDA:3,Context._msgSender
DA:18,3
FN:21,Context._msgData
FNDA:0,Context._msgData
DA:22,0
FNF:2
FNH:1
LF:2
LH:1
BRF:0
BRH:0
end_of_record
TN:
SF:node_modules/@openzeppelin/contracts/utils/Strings.sol
FN:19,Strings.toString
FNDA:0,Strings.toString
DA:21,0
DA:22,0
DA:23,0
DA:26,0
DA:29,0
DA:34,0
DA:35,0
BRDA:35,0,0,-
BRDA:35,0,1,-
DA:37,0
FN:44,Strings.toString
FNDA:0,Strings.toString
DA:45,0
FN:51,Strings.toHexString
FNDA:0,Strings.toHexString
DA:53,0
FN:60,Strings.toHexString
FNDA:0,Strings.toHexString
DA:61,0
DA:62,0
DA:63,0
DA:64,0
DA:65,0
DA:66,0
DA:68,0
BRDA:68,1,0,-
BRDA:68,1,1,-
DA:69,0
FN:75,Strings.toHexString
FNDA:0,Strings.toHexString
DA:76,0
FN:82,Strings.equal
FNDA:0,Strings.equal
DA:83,0
FNF:6
FNH:0
LF:20
LH:0
BRF:4
BRH:0
end_of_record
TN:
SF:node_modules/@openzeppelin/contracts/utils/introspection/ERC165.sol
FN:26,ERC165.supportsInterface
FNDA:0,ERC165.supportsInterface
DA:27,0
FNF:1
FNH:0
LF:1
LH:0
BRF:0
BRH:0
end_of_record
TN:
SF:node_modules/@openzeppelin/contracts/utils/math/Math.sol
FN:19,Math.max
FNDA:0,Math.max
DA:20,0
FN:26,Math.min
FNDA:0,Math.min
DA:27,0
FN:34,Math.average
FNDA:0,Math.average
DA:36,0
FN:45,Math.ceilDiv
FNDA:0,Math.ceilDiv
DA:47,0
FN:55,Math.mulDiv
FNDA:0,Math.mulDiv
DA:60,0
DA:61,0
DA:64,0
DA:65,0
DA:69,0
BRDA:69,0,0,-
BRDA:69,0,1,-
DA:73,0
DA:77,0
BRDA:77,1,0,-
BRDA:77,1,1,-
DA:84,0
DA:87,0
DA:90,0
DA:91,0
DA:98,0
DA:101,0
DA:104,0
DA:107,0
DA:111,0
DA:116,0
DA:120,0
DA:121,0
DA:122,0
DA:123,0
DA:124,0
DA:125,0
DA:131,0
DA:132,0
FN:139,Math.mulDiv
FNDA:0,Math.mulDiv
DA:140,0
DA:141,0
BRDA:141,2,0,-
BRDA:141,2,1,-
DA:142,0
DA:144,0
FN:152,Math.sqrt
FNDA:0,Math.sqrt
DA:153,0
BRDA:153,3,0,-
BRDA:153,3,1,-
DA:154,0
DA:167,0
DA:174,0
DA:175,0
DA:176,0
DA:177,0
DA:178,0
DA:179,0
DA:180,0
DA:181,0
FN:188,Math.sqrt
FNDA:0,Math.sqrt
DA:190,0
DA:191,0
FN:199,Math.log2
FNDA:0,Math.log2
DA:200,0
DA:202,0
BRDA:202,4,0,-
BRDA:202,4,1,-
DA:203,0
DA:204,0
DA:206,0
BRDA:206,5,0,-
BRDA:206,5,1,-
DA:207,0
DA:208,0
DA:210,0
BRDA:210,6,0,-
BRDA:210,6,1,-
DA:211,0
DA:212,0
DA:214,0
BRDA:214,7,0,-
BRDA:214,7,1,-
DA:215,0
DA:216,0
DA:218,0
BRDA:218,8,0,-
BRDA:218,8,1,-
DA:219,0
DA:220,0
DA:222,0
BRDA:222,9,0,-
BRDA:222,9,1,-
DA:223,0
DA:224,0
DA:226,0
BRDA:226,10,0,-
BRDA:226,10,1,-
DA:227,0
DA:228,0
DA:230,0
BRDA:230,11,0,-
BRDA:230,11,1,-
DA:231,0
DA:234,0
FN:241,Math.log2
FNDA:0,Math.log2
DA:243,0
DA:244,0
FN:252,Math.log10
FNDA:0,Math.log10
DA:253,0
DA:255,0
BRDA:255,12,0,-
BRDA:255,12,1,-
DA:256,0
DA:257,0
DA:259,0
BRDA:259,13,0,-
BRDA:259,13,1,-
DA:260,0
DA:261,0
DA:263,0
BRDA:263,14,0,-
BRDA:263,14,1,-
DA:264,0
DA:265,0
DA:267,0
BRDA:267,15,0,-
BRDA:267,15,1,-
DA:268,0
DA:269,0
DA:271,0
BRDA:271,16,0,-
BRDA:271,16,1,-
DA:272,0
DA:273,0
DA:275,0
BRDA:275,17,0,-
BRDA:275,17,1,-
DA:276,0
DA:277,0
DA:279,0
BRDA:279,18,0,-
BRDA:279,18,1,-
DA:280,0
DA:283,0
FN:290,Math.log10
FNDA:0,Math.log10
DA:292,0
DA:293,0
FN:303,Math.log256
FNDA:0,Math.log256
DA:304,0
DA:306,0
BRDA:306,19,0,-
BRDA:306,19,1,-
DA:307,0
DA:308,0
DA:310,0
BRDA:310,20,0,-
BRDA:310,20,1,-
DA:311,0
DA:312,0
DA:314,0
BRDA:314,21,0,-
BRDA:314,21,1,-
DA:315,0
DA:316,0
DA:318,0
BRDA:318,22,0,-
BRDA:318,22,1,-
DA:319,0
DA:320,0
DA:322,0
BRDA:322,23,0,-
BRDA:322,23,1,-
DA:323,0
DA:326,0
FN:333,Math.log256
FNDA:0,Math.log256
DA:335,0
DA:336,0
FNF:14
FNH:0
LF:115
LH:0
BRF:48
BRH:0
end_of_record
TN:
SF:node_modules/@openzeppelin/contracts/utils/math/SignedMath.sol
FN:13,SignedMath.max
FNDA:0,SignedMath.max
DA:14,0
FN:20,SignedMath.min
FNDA:0,SignedMath.min
DA:21,0
FN:28,SignedMath.average
FNDA:0,SignedMath.average
DA:30,0
DA:31,0
FN:37,SignedMath.abs
FNDA:0,SignedMath.abs
DA:40,0
FNF:4
FNH:0
LF:5
LH:0
BRF:0
BRH:0
end_of_record
TN:
SF:node_modules/@openzeppelin/contracts/utils/structs/EnumerableSet.sol
FN:65,EnumerableSet._add
FNDA:0,EnumerableSet._add
DA:66,0
BRDA:66,0,0,-
BRDA:66,0,1,-
DA:67,0
DA:70,0
DA:71,0
DA:73,0
FN:83,EnumerableSet._remove
FNDA:0,EnumerableSet._remove
DA:85,0
DA:87,0
BRDA:87,1,0,-
BRDA:87,1,1,-
DA:93,0
DA:94,0
DA:96,0
BRDA:96,2,0,-
BRDA:96,2,1,-
DA:97,0
DA:100,0
DA:102,0
DA:106,0
DA:109,0
DA:111,0
DA:113,0
FN:120,EnumerableSet._contains
FNDA:0,EnumerableSet._contains
DA:121,0
FN:127,EnumerableSet._length
FNDA:0,EnumerableSet._length
DA:128,0
FN:141,EnumerableSet._at
FNDA:0,EnumerableSet._at
DA:142,0
FN:153,EnumerableSet._values
FNDA:0,EnumerableSet._values
DA:154,0
FN:169,EnumerableSet.add
FNDA:0,EnumerableSet.add
DA:170,0
FN:179,EnumerableSet.remove
FNDA:0,EnumerableSet.remove
DA:180,0
FN:186,EnumerableSet.contains
FNDA:0,EnumerableSet.contains
DA:187,0
FN:193,EnumerableSet.length
FNDA:0,EnumerableSet.length
DA:194,0
FN:207,EnumerableSet.at
FNDA:0,EnumerableSet.at
DA:208,0
FN:219,EnumerableSet.values
FNDA:0,EnumerableSet.values
DA:220,0
DA:221,0
DA:225,0
DA:228,0
FN:243,EnumerableSet.add
FNDA:0,EnumerableSet.add
DA:244,0
FN:253,EnumerableSet.remove
FNDA:0,EnumerableSet.remove
DA:254,0
FN:260,EnumerableSet.contains
FNDA:0,EnumerableSet.contains
DA:261,0
FN:267,EnumerableSet.length
FNDA:0,EnumerableSet.length
DA:268,0
FN:281,EnumerableSet.at
FNDA:0,EnumerableSet.at
DA:282,0
FN:293,EnumerableSet.values
FNDA:0,EnumerableSet.values
DA:294,0
DA:295,0
DA:299,0
DA:302,0
FN:317,EnumerableSet.add
FNDA:0,EnumerableSet.add
DA:318,0
FN:327,EnumerableSet.remove
FNDA:0,EnumerableSet.remove
DA:328,0
FN:334,EnumerableSet.contains
FNDA:0,EnumerableSet.contains
DA:335,0
FN:341,EnumerableSet.length
FNDA:0,EnumerableSet.length
DA:342,0
FN:355,EnumerableSet.at
FNDA:0,EnumerableSet.at
DA:356,0
FN:367,EnumerableSet.values
FNDA:0,EnumerableSet.values
DA:368,0
DA:369,0
DA:373,0
DA:376,0
FNF:24
FNH:0
LF:48
LH:0
BRF:6
BRH:0
end_of_record
TN:
SF:script/Deploy.s.sol
FN:8,Deploy.run
FNDA:0,Deploy.run
DA:9,0
DA:10,0
DA:11,0
DA:13,0
DA:14,0
DA:15,0
DA:16,0
DA:17,0
DA:19,0
DA:20,0
DA:21,0
DA:22,0
DA:25,0
DA:27,0
DA:36,0
DA:44,0
DA:47,0
DA:50,0
DA:51,0
FNF:1
FNH:0
LF:19
LH:0
BRF:0
BRH:0
end_of_record
TN:
SF:src/MeritDutchAuction.sol
FN:91,MeritDutchAuction.setNFT
FNDA:1,MeritDutchAuction.setNFT
DA:93,1
BRDA:93,0,0,-
BRDA:93,0,1,1
DA:95,1
FN:99,MeritDutchAuction.getPrice
FNDA:0,MeritDutchAuction.getPrice
DA:101,20012
FN:106,MeritDutchAuction.getPriceAt
FNDA:10000,MeritDutchAuction.getPriceAt
DA:108,30012
BRDA:108,1,0,1
BRDA:108,1,1,30011
DA:109,1
DA:112,30011
BRDA:112,2,0,1
BRDA:112,2,1,30010
DA:113,1
DA:116,30010
DA:117,30010
DA:118,30010
DA:119,30010
DA:122,30010
DA:123,30010
FN:128,MeritDutchAuction.mint
FNDA:20012,MeritDutchAuction.mint
DA:131,20012
DA:133,20012
DA:135,20012
DA:137,20012
DA:139,20012
BRDA:139,3,0,1
BRDA:139,3,1,20011
DA:141,20011
BRDA:141,4,0,1
BRDA:141,4,1,20010
DA:143,20010
BRDA:143,5,0,1
BRDA:143,5,1,20009
DA:145,20009
BRDA:145,6,0,2
BRDA:145,6,1,20007
DA:149,20007
DA:151,20007
DA:153,20007
DA:156,20007
DA:158,20012
DA:161,20007
BRDA:161,7,0,-
BRDA:161,7,1,2
DA:163,2
DA:164,2
BRDA:164,8,0,-
BRDA:164,8,1,2
DA:168,20007
FN:172,MeritDutchAuction.claimProceeds
FNDA:2,MeritDutchAuction.claimProceeds
DA:174,1
DA:176,1
BRDA:176,9,0,-
BRDA:176,9,1,1
DA:178,1
FN:183,MeritDutchAuction.getAuctionData
FNDA:0,MeritDutchAuction.getAuctionData
DA:184,0
DA:185,0
DA:186,0
DA:187,0
DA:188,0
DA:189,0
DA:191,0
BRDA:191,10,0,-
BRDA:191,10,1,-
DA:192,0
DA:193,0
BRDA:193,11,0,-
BRDA:193,11,1,-
DA:194,0
DA:196,0
DA:197,0
DA:198,0
DA:199,0
DA:202,0
DA:203,0
DA:204,0
DA:207,0
FNF:6
FNH:4
LF:51
LH:33
BRF:24
BRH:16
end_of_record
TN:
SF:src/MeritNFT.sol
FN:61,MeritNFT.mint
FNDA:20017,MeritNFT.mint
DA:62,20015
FN:67,MeritNFT.setBaseURI
FNDA:2,MeritNFT.setBaseURI
DA:68,1
FN:72,MeritNFT._baseURI
FNDA:3,MeritNFT._baseURI
DA:73,3
FN:78,MeritNFT.baseURI
FNDA:2,MeritNFT.baseURI
DA:79,2
FN:84,MeritNFT.supportsInterface
FNDA:0,MeritNFT.supportsInterface
DA:91,0
FN:97,MeritNFT.tokenURI
FNDA:1,MeritNFT.tokenURI
DA:98,1
BRDA:98,0,0,-
BRDA:98,0,1,1
DA:100,1
DA:101,1
FNF:6
FNH:5
LF:8
LH:7
BRF:2
BRH:1
end_of_record
